2024-03-04T09:48:49.229+01:00  INFO 15836 --- [restartedMain] c.c.s.s.SquareGamesApplication           : Starting SquareGamesApplication using Java 21.0.2 with PID 15836 (C:\Users\molos\Documents\SpringBoot\square_games\target\classes started by molos in C:\Users\molos\Documents\SpringBoot\square_games)
2024-03-04T09:48:49.241+01:00  INFO 15836 --- [restartedMain] c.c.s.s.SquareGamesApplication           : No active profile set, falling back to 1 default profile: "default"
2024-03-04T09:48:49.325+01:00  INFO 15836 --- [restartedMain] .e.DevToolsPropertyDefaultsPostProcessor : Devtools property defaults active! Set 'spring.devtools.add-properties' to 'false' to disable
2024-03-04T09:48:49.327+01:00  INFO 15836 --- [restartedMain] .e.DevToolsPropertyDefaultsPostProcessor : For additional web related logging consider setting the 'logging.level.web' property to 'DEBUG'
2024-03-04T09:48:50.839+01:00  INFO 15836 --- [restartedMain] .s.d.r.c.RepositoryConfigurationDelegate : Bootstrapping Spring Data JPA repositories in DEFAULT mode.
2024-03-04T09:48:50.957+01:00  INFO 15836 --- [restartedMain] .s.d.r.c.RepositoryConfigurationDelegate : Finished Spring Data repository scanning in 95 ms. Found 2 JPA repository interfaces.
2024-03-04T09:48:52.075+01:00  INFO 15836 --- [restartedMain] o.s.b.w.embedded.tomcat.TomcatWebServer  : Tomcat initialized with port 8080 (http)
2024-03-04T09:48:52.102+01:00  INFO 15836 --- [restartedMain] o.apache.catalina.core.StandardService   : Starting service [Tomcat]
2024-03-04T09:48:52.103+01:00  INFO 15836 --- [restartedMain] o.apache.catalina.core.StandardEngine    : Starting Servlet engine: [Apache Tomcat/10.1.18]
2024-03-04T09:48:52.189+01:00  INFO 15836 --- [restartedMain] o.a.c.c.C.[Tomcat].[localhost].[/]       : Initializing Spring embedded WebApplicationContext
2024-03-04T09:48:52.189+01:00  INFO 15836 --- [restartedMain] w.s.c.ServletWebServerApplicationContext : Root WebApplicationContext: initialization completed in 2860 ms
2024-03-04T09:48:52.459+01:00  INFO 15836 --- [restartedMain] o.hibernate.jpa.internal.util.LogHelper  : HHH000204: Processing PersistenceUnitInfo [name: default]
2024-03-04T09:48:52.569+01:00  INFO 15836 --- [restartedMain] org.hibernate.Version                    : HHH000412: Hibernate ORM core version 6.4.1.Final
2024-03-04T09:48:52.626+01:00  INFO 15836 --- [restartedMain] o.h.c.internal.RegionFactoryInitiator    : HHH000026: Second-level cache disabled
2024-03-04T09:48:53.053+01:00  INFO 15836 --- [restartedMain] o.s.o.j.p.SpringPersistenceUnitInfo      : No LoadTimeWeaver setup: ignoring JPA class transformer
2024-03-04T09:48:53.096+01:00  INFO 15836 --- [restartedMain] com.zaxxer.hikari.HikariDataSource       : HikariPool-1 - Starting...
2024-03-04T09:48:53.714+01:00  INFO 15836 --- [restartedMain] com.zaxxer.hikari.pool.HikariPool        : HikariPool-1 - Added connection com.mysql.cj.jdbc.ConnectionImpl@73abcb0f
2024-03-04T09:48:53.719+01:00  INFO 15836 --- [restartedMain] com.zaxxer.hikari.HikariDataSource       : HikariPool-1 - Start completed.
2024-03-04T09:48:55.894+01:00  INFO 15836 --- [restartedMain] o.h.e.t.j.p.i.JtaPlatformInitiator       : HHH000489: No JTA platform available (set 'hibernate.transaction.jta.platform' to enable JTA platform integration)
2024-03-04T09:48:56.221+01:00  INFO 15836 --- [restartedMain] j.LocalContainerEntityManagerFactoryBean : Initialized JPA EntityManagerFactory for persistence unit 'default'
2024-03-04T09:48:57.755+01:00  INFO 15836 --- [restartedMain] o.s.s.web.DefaultSecurityFilterChain     : Will secure any request with [org.springframework.security.web.session.DisableEncodeUrlFilter@67d34649, org.springframework.security.web.context.request.async.WebAsyncManagerIntegrationFilter@403b72e4, org.springframework.security.web.context.SecurityContextHolderFilter@7283cd7d, org.springframework.security.web.header.HeaderWriterFilter@5c527e4d, org.springframework.web.filter.CorsFilter@1e9a780a, org.springframework.security.web.authentication.logout.LogoutFilter@2374ed23, org.springframework.security.web.authentication.www.BasicAuthenticationFilter@34f267b0, org.springframework.security.web.savedrequest.RequestCacheAwareFilter@7f79c473, org.springframework.security.web.servletapi.SecurityContextHolderAwareRequestFilter@3050169, org.springframework.security.web.authentication.AnonymousAuthenticationFilter@7dcde9a8, org.springframework.security.web.session.SessionManagementFilter@5a469570, org.springframework.security.web.access.ExceptionTranslationFilter@37597658]
2024-03-04T09:48:58.152+01:00  INFO 15836 --- [restartedMain] o.s.b.d.a.OptionalLiveReloadServer       : LiveReload server is running on port 35729
2024-03-04T09:48:58.196+01:00  INFO 15836 --- [restartedMain] o.s.b.w.embedded.tomcat.TomcatWebServer  : Tomcat started on port 8080 (http) with context path ''
2024-03-04T09:48:58.204+01:00  INFO 15836 --- [restartedMain] c.c.s.s.SquareGamesApplication           : Started SquareGamesApplication in 9.58 seconds (process running for 11.066)
2024-03-04T09:49:51.723+01:00  INFO 15836 --- [File Watcher] rtingClassPathChangeChangedEventListener : Restarting due to 2 class path changes (1 addition, 0 deletions, 1 modification)
2024-03-04T09:49:51.787+01:00  INFO 15836 --- [Thread-5] j.LocalContainerEntityManagerFactoryBean : Closing JPA EntityManagerFactory for persistence unit 'default'
2024-03-04T09:49:51.790+01:00  INFO 15836 --- [Thread-5] com.zaxxer.hikari.HikariDataSource       : HikariPool-1 - Shutdown initiated...
2024-03-04T09:49:51.896+01:00  INFO 15836 --- [Thread-5] com.zaxxer.hikari.HikariDataSource       : HikariPool-1 - Shutdown completed.
2024-03-04T09:49:52.077+01:00  INFO 15836 --- [restartedMain] c.c.s.s.SquareGamesApplication           : Starting SquareGamesApplication using Java 21.0.2 with PID 15836 (C:\Users\molos\Documents\SpringBoot\square_games\target\classes started by molos in C:\Users\molos\Documents\SpringBoot\square_games)
2024-03-04T09:49:52.077+01:00  INFO 15836 --- [restartedMain] c.c.s.s.SquareGamesApplication           : No active profile set, falling back to 1 default profile: "default"
2024-03-04T09:49:52.553+01:00  INFO 15836 --- [restartedMain] .s.d.r.c.RepositoryConfigurationDelegate : Bootstrapping Spring Data JPA repositories in DEFAULT mode.
2024-03-04T09:49:52.581+01:00  INFO 15836 --- [restartedMain] .s.d.r.c.RepositoryConfigurationDelegate : Finished Spring Data repository scanning in 27 ms. Found 2 JPA repository interfaces.
2024-03-04T09:49:52.840+01:00  INFO 15836 --- [restartedMain] o.s.b.w.embedded.tomcat.TomcatWebServer  : Tomcat initialized with port 8080 (http)
2024-03-04T09:49:52.847+01:00  INFO 15836 --- [restartedMain] o.apache.catalina.core.StandardService   : Starting service [Tomcat]
2024-03-04T09:49:52.847+01:00  INFO 15836 --- [restartedMain] o.apache.catalina.core.StandardEngine    : Starting Servlet engine: [Apache Tomcat/10.1.18]
2024-03-04T09:49:52.899+01:00  INFO 15836 --- [restartedMain] o.a.c.c.C.[Tomcat].[localhost].[/]       : Initializing Spring embedded WebApplicationContext
2024-03-04T09:49:52.899+01:00  INFO 15836 --- [restartedMain] w.s.c.ServletWebServerApplicationContext : Root WebApplicationContext: initialization completed in 818 ms
2024-03-04T09:49:52.982+01:00  INFO 15836 --- [restartedMain] o.hibernate.jpa.internal.util.LogHelper  : HHH000204: Processing PersistenceUnitInfo [name: default]
2024-03-04T09:49:52.988+01:00  INFO 15836 --- [restartedMain] o.h.c.internal.RegionFactoryInitiator    : HHH000026: Second-level cache disabled
2024-03-04T09:49:52.994+01:00  INFO 15836 --- [restartedMain] o.s.o.j.p.SpringPersistenceUnitInfo      : No LoadTimeWeaver setup: ignoring JPA class transformer
2024-03-04T09:49:52.996+01:00  INFO 15836 --- [restartedMain] com.zaxxer.hikari.HikariDataSource       : HikariPool-2 - Starting...
2024-03-04T09:49:53.025+01:00  INFO 15836 --- [restartedMain] com.zaxxer.hikari.pool.HikariPool        : HikariPool-2 - Added connection com.mysql.cj.jdbc.ConnectionImpl@6a037033
2024-03-04T09:49:53.030+01:00  INFO 15836 --- [restartedMain] com.zaxxer.hikari.HikariDataSource       : HikariPool-2 - Start completed.
2024-03-04T09:49:53.124+01:00  INFO 15836 --- [restartedMain] o.h.e.t.j.p.i.JtaPlatformInitiator       : HHH000489: No JTA platform available (set 'hibernate.transaction.jta.platform' to enable JTA platform integration)
2024-03-04T09:49:53.158+01:00  INFO 15836 --- [restartedMain] j.LocalContainerEntityManagerFactoryBean : Initialized JPA EntityManagerFactory for persistence unit 'default'
2024-03-04T09:49:53.823+01:00  INFO 15836 --- [restartedMain] o.s.s.web.DefaultSecurityFilterChain     : Will secure any request with [org.springframework.security.web.session.DisableEncodeUrlFilter@ac4aabf, org.springframework.security.web.context.request.async.WebAsyncManagerIntegrationFilter@7a491af4, org.springframework.security.web.context.SecurityContextHolderFilter@24911589, org.springframework.security.web.header.HeaderWriterFilter@24b24b7, org.springframework.web.filter.CorsFilter@452fb287, org.springframework.security.web.authentication.logout.LogoutFilter@61abce54, org.springframework.security.web.authentication.www.BasicAuthenticationFilter@5d7c8ae6, org.springframework.security.web.savedrequest.RequestCacheAwareFilter@7747fff7, org.springframework.security.web.servletapi.SecurityContextHolderAwareRequestFilter@2c721334, org.springframework.security.web.authentication.AnonymousAuthenticationFilter@7c3d2b7e, org.springframework.security.web.session.SessionManagementFilter@714b0b4b, org.springframework.security.web.access.ExceptionTranslationFilter@3d9dd307]
2024-03-04T09:49:54.011+01:00  INFO 15836 --- [restartedMain] o.s.b.d.a.OptionalLiveReloadServer       : LiveReload server is running on port 35729
2024-03-04T09:49:54.042+01:00  INFO 15836 --- [restartedMain] o.s.b.w.embedded.tomcat.TomcatWebServer  : Tomcat started on port 8080 (http) with context path ''
2024-03-04T09:49:54.048+01:00  INFO 15836 --- [restartedMain] c.c.s.s.SquareGamesApplication           : Started SquareGamesApplication in 2.023 seconds (process running for 66.909)
2024-03-04T09:49:54.054+01:00  INFO 15836 --- [restartedMain] .ConditionEvaluationDeltaLoggingListener : Condition evaluation unchanged
2024-03-04T09:49:59.705+01:00  INFO 15836 --- [File Watcher] rtingClassPathChangeChangedEventListener : Restarting due to 1 class path change (0 additions, 0 deletions, 1 modification)
2024-03-04T09:49:59.714+01:00  INFO 15836 --- [Thread-7] j.LocalContainerEntityManagerFactoryBean : Closing JPA EntityManagerFactory for persistence unit 'default'
2024-03-04T09:49:59.715+01:00  INFO 15836 --- [Thread-7] com.zaxxer.hikari.HikariDataSource       : HikariPool-2 - Shutdown initiated...
2024-03-04T09:49:59.737+01:00  INFO 15836 --- [Thread-7] com.zaxxer.hikari.HikariDataSource       : HikariPool-2 - Shutdown completed.
2024-03-04T09:49:59.826+01:00  INFO 15836 --- [restartedMain] c.c.s.s.SquareGamesApplication           : Starting SquareGamesApplication using Java 21.0.2 with PID 15836 (C:\Users\molos\Documents\SpringBoot\square_games\target\classes started by molos in C:\Users\molos\Documents\SpringBoot\square_games)
2024-03-04T09:49:59.826+01:00  INFO 15836 --- [restartedMain] c.c.s.s.SquareGamesApplication           : No active profile set, falling back to 1 default profile: "default"
2024-03-04T09:50:00.382+01:00  INFO 15836 --- [restartedMain] .s.d.r.c.RepositoryConfigurationDelegate : Bootstrapping Spring Data JPA repositories in DEFAULT mode.
2024-03-04T09:50:00.420+01:00  INFO 15836 --- [restartedMain] .s.d.r.c.RepositoryConfigurationDelegate : Finished Spring Data repository scanning in 36 ms. Found 2 JPA repository interfaces.
2024-03-04T09:50:00.612+01:00  INFO 15836 --- [restartedMain] o.s.b.w.embedded.tomcat.TomcatWebServer  : Tomcat initialized with port 8080 (http)
2024-03-04T09:50:00.613+01:00  INFO 15836 --- [restartedMain] o.apache.catalina.core.StandardService   : Starting service [Tomcat]
2024-03-04T09:50:00.613+01:00  INFO 15836 --- [restartedMain] o.apache.catalina.core.StandardEngine    : Starting Servlet engine: [Apache Tomcat/10.1.18]
2024-03-04T09:50:00.658+01:00  INFO 15836 --- [restartedMain] o.a.c.c.C.[Tomcat].[localhost].[/]       : Initializing Spring embedded WebApplicationContext
2024-03-04T09:50:00.658+01:00  INFO 15836 --- [restartedMain] w.s.c.ServletWebServerApplicationContext : Root WebApplicationContext: initialization completed in 829 ms
2024-03-04T09:50:00.710+01:00  INFO 15836 --- [restartedMain] o.hibernate.jpa.internal.util.LogHelper  : HHH000204: Processing PersistenceUnitInfo [name: default]
2024-03-04T09:50:00.715+01:00  INFO 15836 --- [restartedMain] o.h.c.internal.RegionFactoryInitiator    : HHH000026: Second-level cache disabled
2024-03-04T09:50:00.722+01:00  INFO 15836 --- [restartedMain] o.s.o.j.p.SpringPersistenceUnitInfo      : No LoadTimeWeaver setup: ignoring JPA class transformer
2024-03-04T09:50:00.723+01:00  INFO 15836 --- [restartedMain] com.zaxxer.hikari.HikariDataSource       : HikariPool-3 - Starting...
2024-03-04T09:50:00.749+01:00  INFO 15836 --- [restartedMain] com.zaxxer.hikari.pool.HikariPool        : HikariPool-3 - Added connection com.mysql.cj.jdbc.ConnectionImpl@1e0d379f
2024-03-04T09:50:00.749+01:00  INFO 15836 --- [restartedMain] com.zaxxer.hikari.HikariDataSource       : HikariPool-3 - Start completed.
2024-03-04T09:50:00.838+01:00  INFO 15836 --- [restartedMain] o.h.e.t.j.p.i.JtaPlatformInitiator       : HHH000489: No JTA platform available (set 'hibernate.transaction.jta.platform' to enable JTA platform integration)
2024-03-04T09:50:00.859+01:00  INFO 15836 --- [restartedMain] j.LocalContainerEntityManagerFactoryBean : Initialized JPA EntityManagerFactory for persistence unit 'default'
2024-03-04T09:50:01.232+01:00  INFO 15836 --- [restartedMain] o.s.s.web.DefaultSecurityFilterChain     : Will secure any request with [org.springframework.security.web.session.DisableEncodeUrlFilter@47457c50, org.springframework.security.web.context.request.async.WebAsyncManagerIntegrationFilter@2fdcd381, org.springframework.security.web.context.SecurityContextHolderFilter@56acf660, org.springframework.security.web.header.HeaderWriterFilter@5b8f0939, org.springframework.web.filter.CorsFilter@11c3823, org.springframework.security.web.authentication.logout.LogoutFilter@4c2c5849, org.springframework.security.web.authentication.www.BasicAuthenticationFilter@3de92227, org.springframework.security.web.savedrequest.RequestCacheAwareFilter@380927ac, org.springframework.security.web.servletapi.SecurityContextHolderAwareRequestFilter@1b6c3755, org.springframework.security.web.authentication.AnonymousAuthenticationFilter@7510ca3d, org.springframework.security.web.session.SessionManagementFilter@135eaac5, org.springframework.security.web.access.ExceptionTranslationFilter@108fd889]
2024-03-04T09:50:01.325+01:00  INFO 15836 --- [restartedMain] o.s.b.d.a.OptionalLiveReloadServer       : LiveReload server is running on port 35729
2024-03-04T09:50:01.350+01:00  INFO 15836 --- [restartedMain] o.s.b.w.embedded.tomcat.TomcatWebServer  : Tomcat started on port 8080 (http) with context path ''
2024-03-04T09:50:01.359+01:00  INFO 15836 --- [restartedMain] c.c.s.s.SquareGamesApplication           : Started SquareGamesApplication in 1.567 seconds (process running for 74.22)
2024-03-04T09:50:01.361+01:00  INFO 15836 --- [restartedMain] .ConditionEvaluationDeltaLoggingListener : Condition evaluation unchanged
2024-03-04T09:50:20.423+01:00  INFO 15836 --- [File Watcher] rtingClassPathChangeChangedEventListener : Restarting due to 1 class path change (0 additions, 0 deletions, 1 modification)
2024-03-04T09:50:20.431+01:00  INFO 15836 --- [Thread-11] j.LocalContainerEntityManagerFactoryBean : Closing JPA EntityManagerFactory for persistence unit 'default'
2024-03-04T09:50:20.432+01:00  INFO 15836 --- [Thread-11] com.zaxxer.hikari.HikariDataSource       : HikariPool-3 - Shutdown initiated...
2024-03-04T09:50:20.449+01:00  INFO 15836 --- [Thread-11] com.zaxxer.hikari.HikariDataSource       : HikariPool-3 - Shutdown completed.
2024-03-04T09:50:20.539+01:00  INFO 15836 --- [restartedMain] c.c.s.s.SquareGamesApplication           : Starting SquareGamesApplication using Java 21.0.2 with PID 15836 (C:\Users\molos\Documents\SpringBoot\square_games\target\classes started by molos in C:\Users\molos\Documents\SpringBoot\square_games)
2024-03-04T09:50:20.540+01:00  INFO 15836 --- [restartedMain] c.c.s.s.SquareGamesApplication           : No active profile set, falling back to 1 default profile: "default"
2024-03-04T09:50:20.898+01:00  INFO 15836 --- [restartedMain] .s.d.r.c.RepositoryConfigurationDelegate : Bootstrapping Spring Data JPA repositories in DEFAULT mode.
2024-03-04T09:50:20.919+01:00  INFO 15836 --- [restartedMain] .s.d.r.c.RepositoryConfigurationDelegate : Finished Spring Data repository scanning in 20 ms. Found 2 JPA repository interfaces.
2024-03-04T09:50:21.083+01:00  INFO 15836 --- [restartedMain] o.s.b.w.embedded.tomcat.TomcatWebServer  : Tomcat initialized with port 8080 (http)
2024-03-04T09:50:21.083+01:00  INFO 15836 --- [restartedMain] o.apache.catalina.core.StandardService   : Starting service [Tomcat]
2024-03-04T09:50:21.084+01:00  INFO 15836 --- [restartedMain] o.apache.catalina.core.StandardEngine    : Starting Servlet engine: [Apache Tomcat/10.1.18]
2024-03-04T09:50:21.126+01:00  INFO 15836 --- [restartedMain] o.a.c.c.C.[Tomcat].[localhost].[/]       : Initializing Spring embedded WebApplicationContext
2024-03-04T09:50:21.127+01:00  INFO 15836 --- [restartedMain] w.s.c.ServletWebServerApplicationContext : Root WebApplicationContext: initialization completed in 585 ms
2024-03-04T09:50:21.182+01:00  INFO 15836 --- [restartedMain] o.hibernate.jpa.internal.util.LogHelper  : HHH000204: Processing PersistenceUnitInfo [name: default]
2024-03-04T09:50:21.186+01:00  INFO 15836 --- [restartedMain] o.h.c.internal.RegionFactoryInitiator    : HHH000026: Second-level cache disabled
2024-03-04T09:50:21.192+01:00  INFO 15836 --- [restartedMain] o.s.o.j.p.SpringPersistenceUnitInfo      : No LoadTimeWeaver setup: ignoring JPA class transformer
2024-03-04T09:50:21.193+01:00  INFO 15836 --- [restartedMain] com.zaxxer.hikari.HikariDataSource       : HikariPool-4 - Starting...
2024-03-04T09:50:21.215+01:00  INFO 15836 --- [restartedMain] com.zaxxer.hikari.pool.HikariPool        : HikariPool-4 - Added connection com.mysql.cj.jdbc.ConnectionImpl@1fcf229b
2024-03-04T09:50:21.215+01:00  INFO 15836 --- [restartedMain] com.zaxxer.hikari.HikariDataSource       : HikariPool-4 - Start completed.
2024-03-04T09:50:21.274+01:00  INFO 15836 --- [restartedMain] o.h.e.t.j.p.i.JtaPlatformInitiator       : HHH000489: No JTA platform available (set 'hibernate.transaction.jta.platform' to enable JTA platform integration)
2024-03-04T09:50:21.290+01:00  INFO 15836 --- [restartedMain] j.LocalContainerEntityManagerFactoryBean : Initialized JPA EntityManagerFactory for persistence unit 'default'
2024-03-04T09:50:21.733+01:00  INFO 15836 --- [restartedMain] o.s.s.web.DefaultSecurityFilterChain     : Will secure any request with [org.springframework.security.web.session.DisableEncodeUrlFilter@58b5ae88, org.springframework.security.web.context.request.async.WebAsyncManagerIntegrationFilter@52e4bfa4, org.springframework.security.web.context.SecurityContextHolderFilter@3d1207f6, org.springframework.security.web.header.HeaderWriterFilter@68a74299, org.springframework.web.filter.CorsFilter@71604456, org.springframework.security.web.authentication.logout.LogoutFilter@3941678, org.springframework.security.web.authentication.www.BasicAuthenticationFilter@d7f1223, org.springframework.security.web.savedrequest.RequestCacheAwareFilter@53eba1c8, org.springframework.security.web.servletapi.SecurityContextHolderAwareRequestFilter@18a92a6, org.springframework.security.web.authentication.AnonymousAuthenticationFilter@47bbe53, org.springframework.security.web.session.SessionManagementFilter@13e78ac6, org.springframework.security.web.access.ExceptionTranslationFilter@5da6763a]
2024-03-04T09:50:21.831+01:00  INFO 15836 --- [restartedMain] o.s.b.d.a.OptionalLiveReloadServer       : LiveReload server is running on port 35729
2024-03-04T09:50:21.845+01:00  INFO 15836 --- [restartedMain] o.s.b.w.embedded.tomcat.TomcatWebServer  : Tomcat started on port 8080 (http) with context path ''
2024-03-04T09:50:21.849+01:00  INFO 15836 --- [restartedMain] c.c.s.s.SquareGamesApplication           : Started SquareGamesApplication in 1.342 seconds (process running for 94.71)
2024-03-04T09:50:21.850+01:00  INFO 15836 --- [restartedMain] .ConditionEvaluationDeltaLoggingListener : Condition evaluation unchanged
2024-03-04T09:50:42.480+01:00  INFO 15836 --- [File Watcher] rtingClassPathChangeChangedEventListener : Restarting due to 1 class path change (0 additions, 0 deletions, 1 modification)
2024-03-04T09:50:42.489+01:00  INFO 15836 --- [Thread-15] j.LocalContainerEntityManagerFactoryBean : Closing JPA EntityManagerFactory for persistence unit 'default'
2024-03-04T09:50:42.490+01:00  INFO 15836 --- [Thread-15] com.zaxxer.hikari.HikariDataSource       : HikariPool-4 - Shutdown initiated...
2024-03-04T09:50:42.505+01:00  INFO 15836 --- [Thread-15] com.zaxxer.hikari.HikariDataSource       : HikariPool-4 - Shutdown completed.
2024-03-04T09:50:42.593+01:00  INFO 15836 --- [restartedMain] c.c.s.s.SquareGamesApplication           : Starting SquareGamesApplication using Java 21.0.2 with PID 15836 (C:\Users\molos\Documents\SpringBoot\square_games\target\classes started by molos in C:\Users\molos\Documents\SpringBoot\square_games)
2024-03-04T09:50:42.594+01:00  INFO 15836 --- [restartedMain] c.c.s.s.SquareGamesApplication           : No active profile set, falling back to 1 default profile: "default"
2024-03-04T09:50:43.053+01:00  INFO 15836 --- [restartedMain] .s.d.r.c.RepositoryConfigurationDelegate : Bootstrapping Spring Data JPA repositories in DEFAULT mode.
2024-03-04T09:50:43.074+01:00  INFO 15836 --- [restartedMain] .s.d.r.c.RepositoryConfigurationDelegate : Finished Spring Data repository scanning in 19 ms. Found 2 JPA repository interfaces.
2024-03-04T09:50:43.203+01:00  INFO 15836 --- [restartedMain] o.s.b.w.embedded.tomcat.TomcatWebServer  : Tomcat initialized with port 8080 (http)
2024-03-04T09:50:43.203+01:00  INFO 15836 --- [restartedMain] o.apache.catalina.core.StandardService   : Starting service [Tomcat]
2024-03-04T09:50:43.203+01:00  INFO 15836 --- [restartedMain] o.apache.catalina.core.StandardEngine    : Starting Servlet engine: [Apache Tomcat/10.1.18]
2024-03-04T09:50:43.233+01:00  INFO 15836 --- [restartedMain] o.a.c.c.C.[Tomcat].[localhost].[/]       : Initializing Spring embedded WebApplicationContext
2024-03-04T09:50:43.234+01:00  INFO 15836 --- [restartedMain] w.s.c.ServletWebServerApplicationContext : Root WebApplicationContext: initialization completed in 637 ms
2024-03-04T09:50:43.292+01:00  INFO 15836 --- [restartedMain] o.hibernate.jpa.internal.util.LogHelper  : HHH000204: Processing PersistenceUnitInfo [name: default]
2024-03-04T09:50:43.298+01:00  INFO 15836 --- [restartedMain] o.h.c.internal.RegionFactoryInitiator    : HHH000026: Second-level cache disabled
2024-03-04T09:50:43.307+01:00  INFO 15836 --- [restartedMain] o.s.o.j.p.SpringPersistenceUnitInfo      : No LoadTimeWeaver setup: ignoring JPA class transformer
2024-03-04T09:50:43.309+01:00  INFO 15836 --- [restartedMain] com.zaxxer.hikari.HikariDataSource       : HikariPool-5 - Starting...
2024-03-04T09:50:43.337+01:00  INFO 15836 --- [restartedMain] com.zaxxer.hikari.pool.HikariPool        : HikariPool-5 - Added connection com.mysql.cj.jdbc.ConnectionImpl@4694e807
2024-03-04T09:50:43.337+01:00  INFO 15836 --- [restartedMain] com.zaxxer.hikari.HikariDataSource       : HikariPool-5 - Start completed.
2024-03-04T09:50:43.396+01:00  INFO 15836 --- [restartedMain] o.h.e.t.j.p.i.JtaPlatformInitiator       : HHH000489: No JTA platform available (set 'hibernate.transaction.jta.platform' to enable JTA platform integration)
2024-03-04T09:50:43.413+01:00  INFO 15836 --- [restartedMain] j.LocalContainerEntityManagerFactoryBean : Initialized JPA EntityManagerFactory for persistence unit 'default'
2024-03-04T09:50:43.773+01:00  INFO 15836 --- [restartedMain] o.s.s.web.DefaultSecurityFilterChain     : Will secure any request with [org.springframework.security.web.session.DisableEncodeUrlFilter@2f55087a, org.springframework.security.web.context.request.async.WebAsyncManagerIntegrationFilter@27661f27, org.springframework.security.web.context.SecurityContextHolderFilter@fe63353, org.springframework.security.web.header.HeaderWriterFilter@5bce3eb7, org.springframework.web.filter.CorsFilter@73633ab, org.springframework.security.web.authentication.logout.LogoutFilter@83518b8, org.springframework.security.web.authentication.www.BasicAuthenticationFilter@225bc1e5, org.springframework.security.web.savedrequest.RequestCacheAwareFilter@3f62a4c7, org.springframework.security.web.servletapi.SecurityContextHolderAwareRequestFilter@15f31e1a, org.springframework.security.web.authentication.AnonymousAuthenticationFilter@7b9e9e41, org.springframework.security.web.session.SessionManagementFilter@2eb1b2c8, org.springframework.security.web.access.ExceptionTranslationFilter@232262da]
2024-03-04T09:50:43.873+01:00  INFO 15836 --- [restartedMain] o.s.b.d.a.OptionalLiveReloadServer       : LiveReload server is running on port 35729
2024-03-04T09:50:43.891+01:00  INFO 15836 --- [restartedMain] o.s.b.w.embedded.tomcat.TomcatWebServer  : Tomcat started on port 8080 (http) with context path ''
2024-03-04T09:50:43.896+01:00  INFO 15836 --- [restartedMain] c.c.s.s.SquareGamesApplication           : Started SquareGamesApplication in 1.337 seconds (process running for 116.757)
2024-03-04T09:50:43.898+01:00  INFO 15836 --- [restartedMain] .ConditionEvaluationDeltaLoggingListener : Condition evaluation unchanged
2024-03-04T09:51:21.746+01:00  INFO 15836 --- [File Watcher] rtingClassPathChangeChangedEventListener : Restarting due to 1 class path change (0 additions, 0 deletions, 1 modification)
2024-03-04T09:51:21.755+01:00  INFO 15836 --- [Thread-19] j.LocalContainerEntityManagerFactoryBean : Closing JPA EntityManagerFactory for persistence unit 'default'
2024-03-04T09:51:21.756+01:00  INFO 15836 --- [Thread-19] com.zaxxer.hikari.HikariDataSource       : HikariPool-5 - Shutdown initiated...
2024-03-04T09:51:21.778+01:00  INFO 15836 --- [Thread-19] com.zaxxer.hikari.HikariDataSource       : HikariPool-5 - Shutdown completed.
2024-03-04T09:51:21.880+01:00  INFO 15836 --- [restartedMain] c.c.s.s.SquareGamesApplication           : Starting SquareGamesApplication using Java 21.0.2 with PID 15836 (C:\Users\molos\Documents\SpringBoot\square_games\target\classes started by molos in C:\Users\molos\Documents\SpringBoot\square_games)
2024-03-04T09:51:21.881+01:00  INFO 15836 --- [restartedMain] c.c.s.s.SquareGamesApplication           : No active profile set, falling back to 1 default profile: "default"
2024-03-04T09:51:22.248+01:00  INFO 15836 --- [restartedMain] .s.d.r.c.RepositoryConfigurationDelegate : Bootstrapping Spring Data JPA repositories in DEFAULT mode.
2024-03-04T09:51:22.267+01:00  INFO 15836 --- [restartedMain] .s.d.r.c.RepositoryConfigurationDelegate : Finished Spring Data repository scanning in 19 ms. Found 2 JPA repository interfaces.
2024-03-04T09:51:22.395+01:00  INFO 15836 --- [restartedMain] o.s.b.w.embedded.tomcat.TomcatWebServer  : Tomcat initialized with port 8080 (http)
2024-03-04T09:51:22.395+01:00  INFO 15836 --- [restartedMain] o.apache.catalina.core.StandardService   : Starting service [Tomcat]
2024-03-04T09:51:22.395+01:00  INFO 15836 --- [restartedMain] o.apache.catalina.core.StandardEngine    : Starting Servlet engine: [Apache Tomcat/10.1.18]
2024-03-04T09:51:22.433+01:00  INFO 15836 --- [restartedMain] o.a.c.c.C.[Tomcat].[localhost].[/]       : Initializing Spring embedded WebApplicationContext
2024-03-04T09:51:22.433+01:00  INFO 15836 --- [restartedMain] w.s.c.ServletWebServerApplicationContext : Root WebApplicationContext: initialization completed in 550 ms
2024-03-04T09:51:22.506+01:00  INFO 15836 --- [restartedMain] o.hibernate.jpa.internal.util.LogHelper  : HHH000204: Processing PersistenceUnitInfo [name: default]
2024-03-04T09:51:22.515+01:00  INFO 15836 --- [restartedMain] o.h.c.internal.RegionFactoryInitiator    : HHH000026: Second-level cache disabled
2024-03-04T09:51:22.523+01:00  INFO 15836 --- [restartedMain] o.s.o.j.p.SpringPersistenceUnitInfo      : No LoadTimeWeaver setup: ignoring JPA class transformer
2024-03-04T09:51:22.524+01:00  INFO 15836 --- [restartedMain] com.zaxxer.hikari.HikariDataSource       : HikariPool-6 - Starting...
2024-03-04T09:51:22.547+01:00  INFO 15836 --- [restartedMain] com.zaxxer.hikari.pool.HikariPool        : HikariPool-6 - Added connection com.mysql.cj.jdbc.ConnectionImpl@6b588096
2024-03-04T09:51:22.547+01:00  INFO 15836 --- [restartedMain] com.zaxxer.hikari.HikariDataSource       : HikariPool-6 - Start completed.
2024-03-04T09:51:22.606+01:00  INFO 15836 --- [restartedMain] o.h.e.t.j.p.i.JtaPlatformInitiator       : HHH000489: No JTA platform available (set 'hibernate.transaction.jta.platform' to enable JTA platform integration)
2024-03-04T09:51:22.620+01:00  INFO 15836 --- [restartedMain] j.LocalContainerEntityManagerFactoryBean : Initialized JPA EntityManagerFactory for persistence unit 'default'
2024-03-04T09:51:22.989+01:00  INFO 15836 --- [restartedMain] o.s.s.web.DefaultSecurityFilterChain     : Will secure any request with [org.springframework.security.web.session.DisableEncodeUrlFilter@3205a73c, org.springframework.security.web.context.request.async.WebAsyncManagerIntegrationFilter@7973b65f, org.springframework.security.web.context.SecurityContextHolderFilter@3346e099, org.springframework.security.web.header.HeaderWriterFilter@d1d784, org.springframework.web.filter.CorsFilter@505d738, org.springframework.security.web.authentication.logout.LogoutFilter@20eb9c3d, org.springframework.security.web.authentication.www.BasicAuthenticationFilter@45600b34, org.springframework.security.web.savedrequest.RequestCacheAwareFilter@4c453569, org.springframework.security.web.servletapi.SecurityContextHolderAwareRequestFilter@42a6a692, org.springframework.security.web.authentication.AnonymousAuthenticationFilter@40795507, org.springframework.security.web.session.SessionManagementFilter@5466517e, org.springframework.security.web.access.ExceptionTranslationFilter@57c51737]
2024-03-04T09:51:23.072+01:00  INFO 15836 --- [restartedMain] o.s.b.d.a.OptionalLiveReloadServer       : LiveReload server is running on port 35729
2024-03-04T09:51:23.091+01:00  INFO 15836 --- [restartedMain] o.s.b.w.embedded.tomcat.TomcatWebServer  : Tomcat started on port 8080 (http) with context path ''
2024-03-04T09:51:23.094+01:00  INFO 15836 --- [restartedMain] c.c.s.s.SquareGamesApplication           : Started SquareGamesApplication in 1.252 seconds (process running for 155.956)
2024-03-04T09:51:23.097+01:00  INFO 15836 --- [restartedMain] .ConditionEvaluationDeltaLoggingListener : Condition evaluation unchanged
2024-03-04T09:51:35.609+01:00  INFO 15836 --- [http-nio-8080-exec-1] o.a.c.c.C.[Tomcat].[localhost].[/]       : Initializing Spring DispatcherServlet 'dispatcherServlet'
2024-03-04T09:51:35.610+01:00  INFO 15836 --- [http-nio-8080-exec-1] o.s.web.servlet.DispatcherServlet        : Initializing Servlet 'dispatcherServlet'
2024-03-04T09:51:35.613+01:00  INFO 15836 --- [http-nio-8080-exec-1] o.s.web.servlet.DispatcherServlet        : Completed initialization in 1 ms
2024-03-04T09:51:59.187+01:00  INFO 15836 --- [File Watcher] rtingClassPathChangeChangedEventListener : Restarting due to 2 class path changes (0 additions, 1 deletion, 1 modification)
2024-03-04T09:51:59.224+01:00  INFO 15836 --- [Thread-23] j.LocalContainerEntityManagerFactoryBean : Closing JPA EntityManagerFactory for persistence unit 'default'
2024-03-04T09:51:59.225+01:00  INFO 15836 --- [Thread-23] com.zaxxer.hikari.HikariDataSource       : HikariPool-6 - Shutdown initiated...
2024-03-04T09:51:59.280+01:00  INFO 15836 --- [Thread-23] com.zaxxer.hikari.HikariDataSource       : HikariPool-6 - Shutdown completed.
2024-03-04T09:51:59.400+01:00  INFO 15836 --- [restartedMain] c.c.s.s.SquareGamesApplication           : Starting SquareGamesApplication using Java 21.0.2 with PID 15836 (C:\Users\molos\Documents\SpringBoot\square_games\target\classes started by molos in C:\Users\molos\Documents\SpringBoot\square_games)
2024-03-04T09:51:59.400+01:00  INFO 15836 --- [restartedMain] c.c.s.s.SquareGamesApplication           : No active profile set, falling back to 1 default profile: "default"
2024-03-04T09:51:59.815+01:00  INFO 15836 --- [restartedMain] .s.d.r.c.RepositoryConfigurationDelegate : Bootstrapping Spring Data JPA repositories in DEFAULT mode.
2024-03-04T09:51:59.846+01:00  INFO 15836 --- [restartedMain] .s.d.r.c.RepositoryConfigurationDelegate : Finished Spring Data repository scanning in 31 ms. Found 2 JPA repository interfaces.
2024-03-04T09:52:00.114+01:00  INFO 15836 --- [restartedMain] o.s.b.w.embedded.tomcat.TomcatWebServer  : Tomcat initialized with port 8080 (http)
2024-03-04T09:52:00.115+01:00  INFO 15836 --- [restartedMain] o.apache.catalina.core.StandardService   : Starting service [Tomcat]
2024-03-04T09:52:00.115+01:00  INFO 15836 --- [restartedMain] o.apache.catalina.core.StandardEngine    : Starting Servlet engine: [Apache Tomcat/10.1.18]
2024-03-04T09:52:00.158+01:00  INFO 15836 --- [restartedMain] o.a.c.c.C.[Tomcat].[localhost].[/]       : Initializing Spring embedded WebApplicationContext
2024-03-04T09:52:00.158+01:00  INFO 15836 --- [restartedMain] w.s.c.ServletWebServerApplicationContext : Root WebApplicationContext: initialization completed in 756 ms
2024-03-04T09:52:00.214+01:00  INFO 15836 --- [restartedMain] o.hibernate.jpa.internal.util.LogHelper  : HHH000204: Processing PersistenceUnitInfo [name: default]
2024-03-04T09:52:00.218+01:00  INFO 15836 --- [restartedMain] o.h.c.internal.RegionFactoryInitiator    : HHH000026: Second-level cache disabled
2024-03-04T09:52:00.223+01:00  INFO 15836 --- [restartedMain] o.s.o.j.p.SpringPersistenceUnitInfo      : No LoadTimeWeaver setup: ignoring JPA class transformer
2024-03-04T09:52:00.224+01:00  INFO 15836 --- [restartedMain] com.zaxxer.hikari.HikariDataSource       : HikariPool-7 - Starting...
2024-03-04T09:52:00.256+01:00  INFO 15836 --- [restartedMain] com.zaxxer.hikari.pool.HikariPool        : HikariPool-7 - Added connection com.mysql.cj.jdbc.ConnectionImpl@662bae13
2024-03-04T09:52:00.256+01:00  INFO 15836 --- [restartedMain] com.zaxxer.hikari.HikariDataSource       : HikariPool-7 - Start completed.
2024-03-04T09:52:00.313+01:00  INFO 15836 --- [restartedMain] o.h.e.t.j.p.i.JtaPlatformInitiator       : HHH000489: No JTA platform available (set 'hibernate.transaction.jta.platform' to enable JTA platform integration)
2024-03-04T09:52:00.332+01:00  INFO 15836 --- [restartedMain] j.LocalContainerEntityManagerFactoryBean : Initialized JPA EntityManagerFactory for persistence unit 'default'
2024-03-04T09:52:00.752+01:00  INFO 15836 --- [restartedMain] o.s.s.web.DefaultSecurityFilterChain     : Will secure any request with [org.springframework.security.web.session.DisableEncodeUrlFilter@64575c7b, org.springframework.security.web.context.request.async.WebAsyncManagerIntegrationFilter@5942bf4, org.springframework.security.web.context.SecurityContextHolderFilter@1eb21a6d, org.springframework.security.web.header.HeaderWriterFilter@745de90, org.springframework.web.filter.CorsFilter@12d2a0c2, org.springframework.security.web.authentication.logout.LogoutFilter@a83ba4e, org.springframework.security.web.authentication.www.BasicAuthenticationFilter@f703a53, org.springframework.security.web.savedrequest.RequestCacheAwareFilter@5c4b27ba, org.springframework.security.web.servletapi.SecurityContextHolderAwareRequestFilter@75d3d3fd, org.springframework.security.web.authentication.AnonymousAuthenticationFilter@1c7eb269, org.springframework.security.web.session.SessionManagementFilter@cdfa221, org.springframework.security.web.access.ExceptionTranslationFilter@7b173594]
2024-03-04T09:52:00.858+01:00  INFO 15836 --- [restartedMain] o.s.b.d.a.OptionalLiveReloadServer       : LiveReload server is running on port 35729
2024-03-04T09:52:00.871+01:00  INFO 15836 --- [restartedMain] o.s.b.w.embedded.tomcat.TomcatWebServer  : Tomcat started on port 8080 (http) with context path ''
2024-03-04T09:52:00.875+01:00  INFO 15836 --- [restartedMain] c.c.s.s.SquareGamesApplication           : Started SquareGamesApplication in 1.513 seconds (process running for 193.736)
2024-03-04T09:52:00.876+01:00  INFO 15836 --- [restartedMain] .ConditionEvaluationDeltaLoggingListener : Condition evaluation unchanged
2024-03-04T09:52:03.358+01:00  INFO 15836 --- [File Watcher] rtingClassPathChangeChangedEventListener : Restarting due to 1 class path change (1 addition, 0 deletions, 0 modifications)
2024-03-04T09:52:03.366+01:00  INFO 15836 --- [Thread-27] j.LocalContainerEntityManagerFactoryBean : Closing JPA EntityManagerFactory for persistence unit 'default'
2024-03-04T09:52:03.367+01:00  INFO 15836 --- [Thread-27] com.zaxxer.hikari.HikariDataSource       : HikariPool-7 - Shutdown initiated...
2024-03-04T09:52:03.382+01:00  INFO 15836 --- [Thread-27] com.zaxxer.hikari.HikariDataSource       : HikariPool-7 - Shutdown completed.
2024-03-04T09:52:03.472+01:00  INFO 15836 --- [restartedMain] c.c.s.s.SquareGamesApplication           : Starting SquareGamesApplication using Java 21.0.2 with PID 15836 (C:\Users\molos\Documents\SpringBoot\square_games\target\classes started by molos in C:\Users\molos\Documents\SpringBoot\square_games)
2024-03-04T09:52:03.472+01:00  INFO 15836 --- [restartedMain] c.c.s.s.SquareGamesApplication           : No active profile set, falling back to 1 default profile: "default"
2024-03-04T09:52:03.808+01:00  INFO 15836 --- [restartedMain] .s.d.r.c.RepositoryConfigurationDelegate : Bootstrapping Spring Data JPA repositories in DEFAULT mode.
2024-03-04T09:52:03.826+01:00  INFO 15836 --- [restartedMain] .s.d.r.c.RepositoryConfigurationDelegate : Finished Spring Data repository scanning in 17 ms. Found 2 JPA repository interfaces.
2024-03-04T09:52:03.953+01:00  INFO 15836 --- [restartedMain] o.s.b.w.embedded.tomcat.TomcatWebServer  : Tomcat initialized with port 8080 (http)
2024-03-04T09:52:03.954+01:00  INFO 15836 --- [restartedMain] o.apache.catalina.core.StandardService   : Starting service [Tomcat]
2024-03-04T09:52:03.954+01:00  INFO 15836 --- [restartedMain] o.apache.catalina.core.StandardEngine    : Starting Servlet engine: [Apache Tomcat/10.1.18]
2024-03-04T09:52:03.986+01:00  INFO 15836 --- [restartedMain] o.a.c.c.C.[Tomcat].[localhost].[/]       : Initializing Spring embedded WebApplicationContext
2024-03-04T09:52:03.986+01:00  INFO 15836 --- [restartedMain] w.s.c.ServletWebServerApplicationContext : Root WebApplicationContext: initialization completed in 512 ms
2024-03-04T09:52:04.038+01:00  INFO 15836 --- [restartedMain] o.hibernate.jpa.internal.util.LogHelper  : HHH000204: Processing PersistenceUnitInfo [name: default]
2024-03-04T09:52:04.047+01:00  INFO 15836 --- [restartedMain] o.h.c.internal.RegionFactoryInitiator    : HHH000026: Second-level cache disabled
2024-03-04T09:52:04.053+01:00  INFO 15836 --- [restartedMain] o.s.o.j.p.SpringPersistenceUnitInfo      : No LoadTimeWeaver setup: ignoring JPA class transformer
2024-03-04T09:52:04.054+01:00  INFO 15836 --- [restartedMain] com.zaxxer.hikari.HikariDataSource       : HikariPool-8 - Starting...
2024-03-04T09:52:04.082+01:00  INFO 15836 --- [restartedMain] com.zaxxer.hikari.pool.HikariPool        : HikariPool-8 - Added connection com.mysql.cj.jdbc.ConnectionImpl@2ca4a7c8
2024-03-04T09:52:04.082+01:00  INFO 15836 --- [restartedMain] com.zaxxer.hikari.HikariDataSource       : HikariPool-8 - Start completed.
2024-03-04T09:52:04.132+01:00  INFO 15836 --- [restartedMain] o.h.e.t.j.p.i.JtaPlatformInitiator       : HHH000489: No JTA platform available (set 'hibernate.transaction.jta.platform' to enable JTA platform integration)
2024-03-04T09:52:04.148+01:00  INFO 15836 --- [restartedMain] j.LocalContainerEntityManagerFactoryBean : Initialized JPA EntityManagerFactory for persistence unit 'default'
2024-03-04T09:52:04.511+01:00  INFO 15836 --- [restartedMain] o.s.s.web.DefaultSecurityFilterChain     : Will secure any request with [org.springframework.security.web.session.DisableEncodeUrlFilter@d60e105, org.springframework.security.web.context.request.async.WebAsyncManagerIntegrationFilter@275f963, org.springframework.security.web.context.SecurityContextHolderFilter@79491c3f, org.springframework.security.web.header.HeaderWriterFilter@3b713afe, org.springframework.web.filter.CorsFilter@7649e345, org.springframework.security.web.authentication.logout.LogoutFilter@1cdd02ba, org.springframework.security.web.authentication.www.BasicAuthenticationFilter@5b2f2876, org.springframework.security.web.savedrequest.RequestCacheAwareFilter@5993c4cb, org.springframework.security.web.servletapi.SecurityContextHolderAwareRequestFilter@6b87b3cd, org.springframework.security.web.authentication.AnonymousAuthenticationFilter@54070962, org.springframework.security.web.session.SessionManagementFilter@6c055004, org.springframework.security.web.access.ExceptionTranslationFilter@29112d70]
2024-03-04T09:52:04.612+01:00  INFO 15836 --- [restartedMain] o.s.b.d.a.OptionalLiveReloadServer       : LiveReload server is running on port 35729
2024-03-04T09:52:04.626+01:00  INFO 15836 --- [restartedMain] o.s.b.w.embedded.tomcat.TomcatWebServer  : Tomcat started on port 8080 (http) with context path ''
2024-03-04T09:52:04.630+01:00  INFO 15836 --- [restartedMain] c.c.s.s.SquareGamesApplication           : Started SquareGamesApplication in 1.189 seconds (process running for 197.491)
2024-03-04T09:52:04.631+01:00  INFO 15836 --- [restartedMain] .ConditionEvaluationDeltaLoggingListener : Condition evaluation unchanged
2024-03-04T09:52:23.017+01:00  INFO 15836 --- [http-nio-8080-exec-1] o.a.c.c.C.[Tomcat].[localhost].[/]       : Initializing Spring DispatcherServlet 'dispatcherServlet'
2024-03-04T09:52:23.017+01:00  INFO 15836 --- [http-nio-8080-exec-1] o.s.web.servlet.DispatcherServlet        : Initializing Servlet 'dispatcherServlet'
2024-03-04T09:52:23.018+01:00  INFO 15836 --- [http-nio-8080-exec-1] o.s.web.servlet.DispatcherServlet        : Completed initialization in 1 ms
2024-03-04T09:53:11.708+01:00  INFO 15836 --- [File Watcher] rtingClassPathChangeChangedEventListener : Restarting due to 2 class path changes (0 additions, 1 deletion, 1 modification)
2024-03-04T09:53:11.717+01:00  INFO 15836 --- [Thread-31] j.LocalContainerEntityManagerFactoryBean : Closing JPA EntityManagerFactory for persistence unit 'default'
2024-03-04T09:53:11.717+01:00  INFO 15836 --- [Thread-31] com.zaxxer.hikari.HikariDataSource       : HikariPool-8 - Shutdown initiated...
2024-03-04T09:53:11.736+01:00  INFO 15836 --- [Thread-31] com.zaxxer.hikari.HikariDataSource       : HikariPool-8 - Shutdown completed.
2024-03-04T09:53:11.845+01:00  INFO 15836 --- [restartedMain] c.c.s.s.SquareGamesApplication           : Starting SquareGamesApplication using Java 21.0.2 with PID 15836 (C:\Users\molos\Documents\SpringBoot\square_games\target\classes started by molos in C:\Users\molos\Documents\SpringBoot\square_games)
2024-03-04T09:53:11.845+01:00  INFO 15836 --- [restartedMain] c.c.s.s.SquareGamesApplication           : No active profile set, falling back to 1 default profile: "default"
2024-03-04T09:53:12.264+01:00  INFO 15836 --- [restartedMain] .s.d.r.c.RepositoryConfigurationDelegate : Bootstrapping Spring Data JPA repositories in DEFAULT mode.
2024-03-04T09:53:12.285+01:00  INFO 15836 --- [restartedMain] .s.d.r.c.RepositoryConfigurationDelegate : Finished Spring Data repository scanning in 19 ms. Found 2 JPA repository interfaces.
2024-03-04T09:53:12.475+01:00  INFO 15836 --- [restartedMain] o.s.b.w.embedded.tomcat.TomcatWebServer  : Tomcat initialized with port 8080 (http)
2024-03-04T09:53:12.476+01:00  INFO 15836 --- [restartedMain] o.apache.catalina.core.StandardService   : Starting service [Tomcat]
2024-03-04T09:53:12.476+01:00  INFO 15836 --- [restartedMain] o.apache.catalina.core.StandardEngine    : Starting Servlet engine: [Apache Tomcat/10.1.18]
2024-03-04T09:53:12.547+01:00  INFO 15836 --- [restartedMain] o.a.c.c.C.[Tomcat].[localhost].[/]       : Initializing Spring embedded WebApplicationContext
2024-03-04T09:53:12.547+01:00  INFO 15836 --- [restartedMain] w.s.c.ServletWebServerApplicationContext : Root WebApplicationContext: initialization completed in 698 ms
2024-03-04T09:53:12.604+01:00  INFO 15836 --- [restartedMain] o.hibernate.jpa.internal.util.LogHelper  : HHH000204: Processing PersistenceUnitInfo [name: default]
2024-03-04T09:53:12.609+01:00  INFO 15836 --- [restartedMain] o.h.c.internal.RegionFactoryInitiator    : HHH000026: Second-level cache disabled
2024-03-04T09:53:12.614+01:00  INFO 15836 --- [restartedMain] o.s.o.j.p.SpringPersistenceUnitInfo      : No LoadTimeWeaver setup: ignoring JPA class transformer
2024-03-04T09:53:12.617+01:00  INFO 15836 --- [restartedMain] com.zaxxer.hikari.HikariDataSource       : HikariPool-9 - Starting...
2024-03-04T09:53:12.641+01:00  INFO 15836 --- [restartedMain] com.zaxxer.hikari.pool.HikariPool        : HikariPool-9 - Added connection com.mysql.cj.jdbc.ConnectionImpl@4fa7df9a
2024-03-04T09:53:12.641+01:00  INFO 15836 --- [restartedMain] com.zaxxer.hikari.HikariDataSource       : HikariPool-9 - Start completed.
2024-03-04T09:53:12.704+01:00  INFO 15836 --- [restartedMain] o.h.e.t.j.p.i.JtaPlatformInitiator       : HHH000489: No JTA platform available (set 'hibernate.transaction.jta.platform' to enable JTA platform integration)
2024-03-04T09:53:12.720+01:00  INFO 15836 --- [restartedMain] j.LocalContainerEntityManagerFactoryBean : Initialized JPA EntityManagerFactory for persistence unit 'default'
2024-03-04T09:53:12.824+01:00  WARN 15836 --- [restartedMain] ConfigServletWebServerApplicationContext : Exception encountered during context initialization - cancelling refresh attempt: org.springframework.beans.factory.UnsatisfiedDependencyException: Error creating bean with name 'authenticationController': Unsatisfied dependency expressed through field 'authenticationManager': No qualifying bean of type 'org.springframework.security.authentication.AuthenticationManager' available: expected at least 1 bean which qualifies as autowire candidate. Dependency annotations: {@org.springframework.beans.factory.annotation.Autowired(required=true)}
2024-03-04T09:53:12.824+01:00  INFO 15836 --- [restartedMain] j.LocalContainerEntityManagerFactoryBean : Closing JPA EntityManagerFactory for persistence unit 'default'
2024-03-04T09:53:12.825+01:00  INFO 15836 --- [restartedMain] com.zaxxer.hikari.HikariDataSource       : HikariPool-9 - Shutdown initiated...
2024-03-04T09:53:12.839+01:00  INFO 15836 --- [restartedMain] com.zaxxer.hikari.HikariDataSource       : HikariPool-9 - Shutdown completed.
2024-03-04T09:53:12.839+01:00  INFO 15836 --- [restartedMain] o.apache.catalina.core.StandardService   : Stopping service [Tomcat]
2024-03-04T09:53:12.848+01:00  INFO 15836 --- [restartedMain] .s.b.a.l.ConditionEvaluationReportLogger : 

Error starting ApplicationContext. To display the condition evaluation report re-run your application with 'debug' enabled.
2024-03-04T09:53:12.906+01:00 ERROR 15836 --- [restartedMain] o.s.b.d.LoggingFailureAnalysisReporter   : 

***************************
APPLICATION FAILED TO START
***************************

Description:

Field authenticationManager in com.cda25.springboot.square_games.controllers.AuthenticationController required a bean of type 'org.springframework.security.authentication.AuthenticationManager' that could not be found.

The injection point has the following annotations:
	- @org.springframework.beans.factory.annotation.Autowired(required=true)


Action:

Consider defining a bean of type 'org.springframework.security.authentication.AuthenticationManager' in your configuration.

2024-03-04T09:53:15.542+01:00  INFO 15836 --- [restartedMain] c.c.s.s.SquareGamesApplication           : Starting SquareGamesApplication using Java 21.0.2 with PID 15836 (C:\Users\molos\Documents\SpringBoot\square_games\target\classes started by molos in C:\Users\molos\Documents\SpringBoot\square_games)
2024-03-04T09:53:15.542+01:00  INFO 15836 --- [restartedMain] c.c.s.s.SquareGamesApplication           : No active profile set, falling back to 1 default profile: "default"
2024-03-04T09:53:16.153+01:00  INFO 15836 --- [restartedMain] .s.d.r.c.RepositoryConfigurationDelegate : Bootstrapping Spring Data JPA repositories in DEFAULT mode.
2024-03-04T09:53:16.238+01:00  INFO 15836 --- [restartedMain] .s.d.r.c.RepositoryConfigurationDelegate : Finished Spring Data repository scanning in 84 ms. Found 2 JPA repository interfaces.
2024-03-04T09:53:16.397+01:00  INFO 15836 --- [restartedMain] o.s.b.w.embedded.tomcat.TomcatWebServer  : Tomcat initialized with port 8080 (http)
2024-03-04T09:53:16.407+01:00  INFO 15836 --- [restartedMain] o.apache.catalina.core.StandardService   : Starting service [Tomcat]
2024-03-04T09:53:16.407+01:00  INFO 15836 --- [restartedMain] o.apache.catalina.core.StandardEngine    : Starting Servlet engine: [Apache Tomcat/10.1.18]
2024-03-04T09:53:16.449+01:00  INFO 15836 --- [restartedMain] o.a.c.c.C.[Tomcat-1].[localhost].[/]     : Initializing Spring embedded WebApplicationContext
2024-03-04T09:53:16.449+01:00  INFO 15836 --- [restartedMain] w.s.c.ServletWebServerApplicationContext : Root WebApplicationContext: initialization completed in 904 ms
2024-03-04T09:53:16.518+01:00  INFO 15836 --- [restartedMain] o.hibernate.jpa.internal.util.LogHelper  : HHH000204: Processing PersistenceUnitInfo [name: default]
2024-03-04T09:53:16.531+01:00  INFO 15836 --- [restartedMain] o.h.c.internal.RegionFactoryInitiator    : HHH000026: Second-level cache disabled
2024-03-04T09:53:16.540+01:00  INFO 15836 --- [restartedMain] o.s.o.j.p.SpringPersistenceUnitInfo      : No LoadTimeWeaver setup: ignoring JPA class transformer
2024-03-04T09:53:16.542+01:00  INFO 15836 --- [restartedMain] com.zaxxer.hikari.HikariDataSource       : HikariPool-10 - Starting...
2024-03-04T09:53:16.565+01:00  INFO 15836 --- [restartedMain] com.zaxxer.hikari.pool.HikariPool        : HikariPool-10 - Added connection com.mysql.cj.jdbc.ConnectionImpl@689ef1ec
2024-03-04T09:53:16.565+01:00  INFO 15836 --- [restartedMain] com.zaxxer.hikari.HikariDataSource       : HikariPool-10 - Start completed.
2024-03-04T09:53:16.626+01:00  INFO 15836 --- [restartedMain] o.h.e.t.j.p.i.JtaPlatformInitiator       : HHH000489: No JTA platform available (set 'hibernate.transaction.jta.platform' to enable JTA platform integration)
2024-03-04T09:53:16.659+01:00  INFO 15836 --- [restartedMain] j.LocalContainerEntityManagerFactoryBean : Initialized JPA EntityManagerFactory for persistence unit 'default'
2024-03-04T09:53:17.098+01:00  INFO 15836 --- [restartedMain] o.s.s.web.DefaultSecurityFilterChain     : Will secure any request with [org.springframework.security.web.session.DisableEncodeUrlFilter@1cb565ed, org.springframework.security.web.context.request.async.WebAsyncManagerIntegrationFilter@198c1ba3, org.springframework.security.web.context.SecurityContextHolderFilter@78c9fe90, org.springframework.security.web.header.HeaderWriterFilter@7edd78a9, org.springframework.web.filter.CorsFilter@21c5a263, org.springframework.security.web.authentication.logout.LogoutFilter@6f6ec506, org.springframework.security.web.authentication.UsernamePasswordAuthenticationFilter@5b73508f, org.springframework.security.web.authentication.www.BasicAuthenticationFilter@5d03b1ea, org.springframework.security.web.savedrequest.RequestCacheAwareFilter@231d8d67, org.springframework.security.web.servletapi.SecurityContextHolderAwareRequestFilter@3690b19d, org.springframework.security.web.authentication.AnonymousAuthenticationFilter@6109cb50, org.springframework.security.web.session.SessionManagementFilter@395af80b, org.springframework.security.web.access.ExceptionTranslationFilter@47d39b9d, org.springframework.security.web.access.intercept.AuthorizationFilter@2f515bee]
2024-03-04T09:53:17.254+01:00  INFO 15836 --- [restartedMain] o.s.b.d.a.OptionalLiveReloadServer       : LiveReload server is running on port 35729
2024-03-04T09:53:17.270+01:00  INFO 15836 --- [restartedMain] o.s.b.w.embedded.tomcat.TomcatWebServer  : Tomcat started on port 8080 (http) with context path ''
2024-03-04T09:53:17.274+01:00  INFO 15836 --- [restartedMain] c.c.s.s.SquareGamesApplication           : Started SquareGamesApplication in 1.824 seconds (process running for 270.135)
2024-03-04T09:53:17.275+01:00  INFO 15836 --- [restartedMain] .ConditionEvaluationDeltaLoggingListener : Condition evaluation unchanged
2024-03-04T09:55:47.818+01:00  INFO 15836 --- [File Watcher] rtingClassPathChangeChangedEventListener : Restarting due to 2 class path changes (0 additions, 1 deletion, 1 modification)
2024-03-04T09:55:47.828+01:00  INFO 15836 --- [Thread-35] j.LocalContainerEntityManagerFactoryBean : Closing JPA EntityManagerFactory for persistence unit 'default'
2024-03-04T09:55:47.828+01:00  INFO 15836 --- [Thread-35] com.zaxxer.hikari.HikariDataSource       : HikariPool-10 - Shutdown initiated...
2024-03-04T09:55:47.844+01:00  INFO 15836 --- [Thread-35] com.zaxxer.hikari.HikariDataSource       : HikariPool-10 - Shutdown completed.
2024-03-04T09:55:47.950+01:00  INFO 15836 --- [restartedMain] c.c.s.s.SquareGamesApplication           : Starting SquareGamesApplication using Java 21.0.2 with PID 15836 (C:\Users\molos\Documents\SpringBoot\square_games\target\classes started by molos in C:\Users\molos\Documents\SpringBoot\square_games)
2024-03-04T09:55:47.951+01:00  INFO 15836 --- [restartedMain] c.c.s.s.SquareGamesApplication           : No active profile set, falling back to 1 default profile: "default"
2024-03-04T09:55:48.562+01:00  INFO 15836 --- [restartedMain] .s.d.r.c.RepositoryConfigurationDelegate : Bootstrapping Spring Data JPA repositories in DEFAULT mode.
2024-03-04T09:55:48.583+01:00  INFO 15836 --- [restartedMain] .s.d.r.c.RepositoryConfigurationDelegate : Finished Spring Data repository scanning in 21 ms. Found 2 JPA repository interfaces.
2024-03-04T09:55:48.712+01:00  INFO 15836 --- [restartedMain] o.s.b.w.embedded.tomcat.TomcatWebServer  : Tomcat initialized with port 8080 (http)
2024-03-04T09:55:48.713+01:00  INFO 15836 --- [restartedMain] o.apache.catalina.core.StandardService   : Starting service [Tomcat]
2024-03-04T09:55:48.713+01:00  INFO 15836 --- [restartedMain] o.apache.catalina.core.StandardEngine    : Starting Servlet engine: [Apache Tomcat/10.1.18]
2024-03-04T09:55:48.748+01:00  INFO 15836 --- [restartedMain] o.a.c.c.C.[Tomcat-1].[localhost].[/]     : Initializing Spring embedded WebApplicationContext
2024-03-04T09:55:48.748+01:00  INFO 15836 --- [restartedMain] w.s.c.ServletWebServerApplicationContext : Root WebApplicationContext: initialization completed in 794 ms
2024-03-04T09:55:48.805+01:00  INFO 15836 --- [restartedMain] o.hibernate.jpa.internal.util.LogHelper  : HHH000204: Processing PersistenceUnitInfo [name: default]
2024-03-04T09:55:48.810+01:00  INFO 15836 --- [restartedMain] o.h.c.internal.RegionFactoryInitiator    : HHH000026: Second-level cache disabled
2024-03-04T09:55:48.823+01:00  INFO 15836 --- [restartedMain] o.s.o.j.p.SpringPersistenceUnitInfo      : No LoadTimeWeaver setup: ignoring JPA class transformer
2024-03-04T09:55:48.824+01:00  INFO 15836 --- [restartedMain] com.zaxxer.hikari.HikariDataSource       : HikariPool-11 - Starting...
2024-03-04T09:55:48.853+01:00  INFO 15836 --- [restartedMain] com.zaxxer.hikari.pool.HikariPool        : HikariPool-11 - Added connection com.mysql.cj.jdbc.ConnectionImpl@7bf454d9
2024-03-04T09:55:48.854+01:00  INFO 15836 --- [restartedMain] com.zaxxer.hikari.HikariDataSource       : HikariPool-11 - Start completed.
2024-03-04T09:55:48.904+01:00  INFO 15836 --- [restartedMain] o.h.e.t.j.p.i.JtaPlatformInitiator       : HHH000489: No JTA platform available (set 'hibernate.transaction.jta.platform' to enable JTA platform integration)
2024-03-04T09:55:48.919+01:00  INFO 15836 --- [restartedMain] j.LocalContainerEntityManagerFactoryBean : Initialized JPA EntityManagerFactory for persistence unit 'default'
2024-03-04T09:55:49.016+01:00  WARN 15836 --- [restartedMain] ConfigServletWebServerApplicationContext : Exception encountered during context initialization - cancelling refresh attempt: org.springframework.beans.factory.UnsatisfiedDependencyException: Error creating bean with name 'authenticationController': Unsatisfied dependency expressed through field 'authenticationManager': No qualifying bean of type 'org.springframework.security.authentication.AuthenticationManager' available: expected at least 1 bean which qualifies as autowire candidate. Dependency annotations: {@org.springframework.beans.factory.annotation.Autowired(required=true)}
2024-03-04T09:55:49.017+01:00  INFO 15836 --- [restartedMain] j.LocalContainerEntityManagerFactoryBean : Closing JPA EntityManagerFactory for persistence unit 'default'
2024-03-04T09:55:49.018+01:00  INFO 15836 --- [restartedMain] com.zaxxer.hikari.HikariDataSource       : HikariPool-11 - Shutdown initiated...
2024-03-04T09:55:49.173+01:00  INFO 15836 --- [restartedMain] com.zaxxer.hikari.HikariDataSource       : HikariPool-11 - Shutdown completed.
2024-03-04T09:55:49.174+01:00  INFO 15836 --- [restartedMain] o.apache.catalina.core.StandardService   : Stopping service [Tomcat]
2024-03-04T09:55:49.181+01:00  INFO 15836 --- [restartedMain] .s.b.a.l.ConditionEvaluationReportLogger : 

Error starting ApplicationContext. To display the condition evaluation report re-run your application with 'debug' enabled.
2024-03-04T09:55:49.193+01:00 ERROR 15836 --- [restartedMain] o.s.b.d.LoggingFailureAnalysisReporter   : 

***************************
APPLICATION FAILED TO START
***************************

Description:

Field authenticationManager in com.cda25.springboot.square_games.controllers.AuthenticationController required a bean of type 'org.springframework.security.authentication.AuthenticationManager' that could not be found.

The injection point has the following annotations:
	- @org.springframework.beans.factory.annotation.Autowired(required=true)


Action:

Consider defining a bean of type 'org.springframework.security.authentication.AuthenticationManager' in your configuration.

2024-03-04T09:55:51.746+01:00  INFO 15836 --- [restartedMain] c.c.s.s.SquareGamesApplication           : Starting SquareGamesApplication using Java 21.0.2 with PID 15836 (C:\Users\molos\Documents\SpringBoot\square_games\target\classes started by molos in C:\Users\molos\Documents\SpringBoot\square_games)
2024-03-04T09:55:51.746+01:00  INFO 15836 --- [restartedMain] c.c.s.s.SquareGamesApplication           : No active profile set, falling back to 1 default profile: "default"
2024-03-04T09:55:52.081+01:00  INFO 15836 --- [restartedMain] .s.d.r.c.RepositoryConfigurationDelegate : Bootstrapping Spring Data JPA repositories in DEFAULT mode.
2024-03-04T09:55:52.102+01:00  INFO 15836 --- [restartedMain] .s.d.r.c.RepositoryConfigurationDelegate : Finished Spring Data repository scanning in 21 ms. Found 2 JPA repository interfaces.
2024-03-04T09:55:52.229+01:00  INFO 15836 --- [restartedMain] o.s.b.w.embedded.tomcat.TomcatWebServer  : Tomcat initialized with port 8080 (http)
2024-03-04T09:55:52.230+01:00  INFO 15836 --- [restartedMain] o.apache.catalina.core.StandardService   : Starting service [Tomcat]
2024-03-04T09:55:52.230+01:00  INFO 15836 --- [restartedMain] o.apache.catalina.core.StandardEngine    : Starting Servlet engine: [Apache Tomcat/10.1.18]
2024-03-04T09:55:52.262+01:00  INFO 15836 --- [restartedMain] o.a.c.c.C.[Tomcat-2].[localhost].[/]     : Initializing Spring embedded WebApplicationContext
2024-03-04T09:55:52.262+01:00  INFO 15836 --- [restartedMain] w.s.c.ServletWebServerApplicationContext : Root WebApplicationContext: initialization completed in 514 ms
2024-03-04T09:55:52.320+01:00  INFO 15836 --- [restartedMain] o.hibernate.jpa.internal.util.LogHelper  : HHH000204: Processing PersistenceUnitInfo [name: default]
2024-03-04T09:55:52.324+01:00  INFO 15836 --- [restartedMain] o.h.c.internal.RegionFactoryInitiator    : HHH000026: Second-level cache disabled
2024-03-04T09:55:52.330+01:00  INFO 15836 --- [restartedMain] o.s.o.j.p.SpringPersistenceUnitInfo      : No LoadTimeWeaver setup: ignoring JPA class transformer
2024-03-04T09:55:52.332+01:00  INFO 15836 --- [restartedMain] com.zaxxer.hikari.HikariDataSource       : HikariPool-12 - Starting...
2024-03-04T09:55:52.357+01:00  INFO 15836 --- [restartedMain] com.zaxxer.hikari.pool.HikariPool        : HikariPool-12 - Added connection com.mysql.cj.jdbc.ConnectionImpl@3ffcec3d
2024-03-04T09:55:52.357+01:00  INFO 15836 --- [restartedMain] com.zaxxer.hikari.HikariDataSource       : HikariPool-12 - Start completed.
2024-03-04T09:55:52.405+01:00  INFO 15836 --- [restartedMain] o.h.e.t.j.p.i.JtaPlatformInitiator       : HHH000489: No JTA platform available (set 'hibernate.transaction.jta.platform' to enable JTA platform integration)
2024-03-04T09:55:52.418+01:00  INFO 15836 --- [restartedMain] j.LocalContainerEntityManagerFactoryBean : Initialized JPA EntityManagerFactory for persistence unit 'default'
2024-03-04T09:55:52.769+01:00  INFO 15836 --- [restartedMain] o.s.s.web.DefaultSecurityFilterChain     : Will secure any request with [org.springframework.security.web.session.DisableEncodeUrlFilter@55157fb6, org.springframework.security.web.context.request.async.WebAsyncManagerIntegrationFilter@71ff409d, org.springframework.security.web.context.SecurityContextHolderFilter@2d01fc0b, org.springframework.security.web.header.HeaderWriterFilter@20c74cba, org.springframework.web.filter.CorsFilter@3eb8f8ac, org.springframework.security.web.authentication.logout.LogoutFilter@41890d95, org.springframework.security.web.authentication.UsernamePasswordAuthenticationFilter@227daea0, org.springframework.security.web.authentication.www.BasicAuthenticationFilter@d60af52, org.springframework.security.web.savedrequest.RequestCacheAwareFilter@53ddcc62, org.springframework.security.web.servletapi.SecurityContextHolderAwareRequestFilter@4965e83f, org.springframework.security.web.authentication.AnonymousAuthenticationFilter@36aaca16, org.springframework.security.web.session.SessionManagementFilter@3f82b0e0, org.springframework.security.web.access.ExceptionTranslationFilter@3918f74e, org.springframework.security.web.access.intercept.AuthorizationFilter@2b11ebf2]
2024-03-04T09:55:52.873+01:00  INFO 15836 --- [restartedMain] o.s.b.d.a.OptionalLiveReloadServer       : LiveReload server is running on port 35729
2024-03-04T09:55:52.888+01:00  INFO 15836 --- [restartedMain] o.s.b.w.embedded.tomcat.TomcatWebServer  : Tomcat started on port 8080 (http) with context path ''
2024-03-04T09:55:52.891+01:00  INFO 15836 --- [restartedMain] c.c.s.s.SquareGamesApplication           : Started SquareGamesApplication in 1.177 seconds (process running for 425.752)
2024-03-04T09:55:52.892+01:00  INFO 15836 --- [restartedMain] .ConditionEvaluationDeltaLoggingListener : Condition evaluation unchanged
2024-03-04T09:55:52.917+01:00  INFO 15836 --- [http-nio-8080-exec-1] o.a.c.c.C.[Tomcat-2].[localhost].[/]     : Initializing Spring DispatcherServlet 'dispatcherServlet'
2024-03-04T09:55:52.917+01:00  INFO 15836 --- [http-nio-8080-exec-1] o.s.web.servlet.DispatcherServlet        : Initializing Servlet 'dispatcherServlet'
2024-03-04T09:55:52.918+01:00  INFO 15836 --- [http-nio-8080-exec-1] o.s.web.servlet.DispatcherServlet        : Completed initialization in 1 ms
2024-03-04T09:56:06.811+01:00  INFO 15836 --- [File Watcher] rtingClassPathChangeChangedEventListener : Restarting due to 1 class path change (0 additions, 0 deletions, 1 modification)
2024-03-04T09:56:06.821+01:00  INFO 15836 --- [Thread-42] j.LocalContainerEntityManagerFactoryBean : Closing JPA EntityManagerFactory for persistence unit 'default'
2024-03-04T09:56:06.821+01:00  INFO 15836 --- [Thread-42] com.zaxxer.hikari.HikariDataSource       : HikariPool-12 - Shutdown initiated...
2024-03-04T09:56:06.834+01:00  INFO 15836 --- [Thread-42] com.zaxxer.hikari.HikariDataSource       : HikariPool-12 - Shutdown completed.
2024-03-04T09:56:06.969+01:00  INFO 15836 --- [restartedMain] c.c.s.s.SquareGamesApplication           : Starting SquareGamesApplication using Java 21.0.2 with PID 15836 (C:\Users\molos\Documents\SpringBoot\square_games\target\classes started by molos in C:\Users\molos\Documents\SpringBoot\square_games)
2024-03-04T09:56:06.969+01:00  INFO 15836 --- [restartedMain] c.c.s.s.SquareGamesApplication           : No active profile set, falling back to 1 default profile: "default"
2024-03-04T09:56:07.325+01:00  INFO 15836 --- [restartedMain] .s.d.r.c.RepositoryConfigurationDelegate : Bootstrapping Spring Data JPA repositories in DEFAULT mode.
2024-03-04T09:56:07.343+01:00  INFO 15836 --- [restartedMain] .s.d.r.c.RepositoryConfigurationDelegate : Finished Spring Data repository scanning in 17 ms. Found 2 JPA repository interfaces.
2024-03-04T09:56:07.482+01:00  INFO 15836 --- [restartedMain] o.s.b.w.embedded.tomcat.TomcatWebServer  : Tomcat initialized with port 8080 (http)
2024-03-04T09:56:07.484+01:00  INFO 15836 --- [restartedMain] o.apache.catalina.core.StandardService   : Starting service [Tomcat]
2024-03-04T09:56:07.484+01:00  INFO 15836 --- [restartedMain] o.apache.catalina.core.StandardEngine    : Starting Servlet engine: [Apache Tomcat/10.1.18]
2024-03-04T09:56:07.524+01:00  INFO 15836 --- [restartedMain] o.a.c.c.C.[Tomcat-2].[localhost].[/]     : Initializing Spring embedded WebApplicationContext
2024-03-04T09:56:07.524+01:00  INFO 15836 --- [restartedMain] w.s.c.ServletWebServerApplicationContext : Root WebApplicationContext: initialization completed in 552 ms
2024-03-04T09:56:07.589+01:00  INFO 15836 --- [restartedMain] o.hibernate.jpa.internal.util.LogHelper  : HHH000204: Processing PersistenceUnitInfo [name: default]
2024-03-04T09:56:07.595+01:00  INFO 15836 --- [restartedMain] o.h.c.internal.RegionFactoryInitiator    : HHH000026: Second-level cache disabled
2024-03-04T09:56:07.601+01:00  INFO 15836 --- [restartedMain] o.s.o.j.p.SpringPersistenceUnitInfo      : No LoadTimeWeaver setup: ignoring JPA class transformer
2024-03-04T09:56:07.602+01:00  INFO 15836 --- [restartedMain] com.zaxxer.hikari.HikariDataSource       : HikariPool-13 - Starting...
2024-03-04T09:56:07.623+01:00  INFO 15836 --- [restartedMain] com.zaxxer.hikari.pool.HikariPool        : HikariPool-13 - Added connection com.mysql.cj.jdbc.ConnectionImpl@6f80e4fe
2024-03-04T09:56:07.623+01:00  INFO 15836 --- [restartedMain] com.zaxxer.hikari.HikariDataSource       : HikariPool-13 - Start completed.
2024-03-04T09:56:07.671+01:00  INFO 15836 --- [restartedMain] o.h.e.t.j.p.i.JtaPlatformInitiator       : HHH000489: No JTA platform available (set 'hibernate.transaction.jta.platform' to enable JTA platform integration)
2024-03-04T09:56:07.686+01:00  INFO 15836 --- [restartedMain] j.LocalContainerEntityManagerFactoryBean : Initialized JPA EntityManagerFactory for persistence unit 'default'
2024-03-04T09:56:08.123+01:00  INFO 15836 --- [restartedMain] o.s.s.web.DefaultSecurityFilterChain     : Will secure any request with [org.springframework.security.web.session.DisableEncodeUrlFilter@19d4f240, org.springframework.security.web.context.request.async.WebAsyncManagerIntegrationFilter@14e6cf74, org.springframework.security.web.context.SecurityContextHolderFilter@20443d73, org.springframework.security.web.header.HeaderWriterFilter@670b7bbf, org.springframework.web.filter.CorsFilter@79dfa0c8, org.springframework.security.web.authentication.logout.LogoutFilter@7c122480, org.springframework.security.web.authentication.UsernamePasswordAuthenticationFilter@e5c6109, org.springframework.security.web.authentication.www.BasicAuthenticationFilter@63876266, org.springframework.security.web.savedrequest.RequestCacheAwareFilter@4c6fe100, org.springframework.security.web.servletapi.SecurityContextHolderAwareRequestFilter@7085bdb1, org.springframework.security.web.authentication.AnonymousAuthenticationFilter@211379c7, org.springframework.security.web.session.SessionManagementFilter@118396e6, org.springframework.security.web.access.ExceptionTranslationFilter@29b8bfe4, org.springframework.security.web.access.intercept.AuthorizationFilter@1273f98f]
2024-03-04T09:56:08.232+01:00  INFO 15836 --- [restartedMain] o.s.b.d.a.OptionalLiveReloadServer       : LiveReload server is running on port 35729
2024-03-04T09:56:08.251+01:00  INFO 15836 --- [restartedMain] o.s.b.w.embedded.tomcat.TomcatWebServer  : Tomcat started on port 8080 (http) with context path ''
2024-03-04T09:56:08.255+01:00  INFO 15836 --- [restartedMain] c.c.s.s.SquareGamesApplication           : Started SquareGamesApplication in 1.338 seconds (process running for 441.116)
2024-03-04T09:56:08.256+01:00  INFO 15836 --- [restartedMain] .ConditionEvaluationDeltaLoggingListener : Condition evaluation unchanged
2024-03-04T09:56:09.425+01:00  INFO 15836 --- [http-nio-8080-exec-1] o.a.c.c.C.[Tomcat-2].[localhost].[/]     : Initializing Spring DispatcherServlet 'dispatcherServlet'
2024-03-04T09:56:09.425+01:00  INFO 15836 --- [http-nio-8080-exec-1] o.s.web.servlet.DispatcherServlet        : Initializing Servlet 'dispatcherServlet'
2024-03-04T09:56:09.426+01:00  INFO 15836 --- [http-nio-8080-exec-1] o.s.web.servlet.DispatcherServlet        : Completed initialization in 1 ms
2024-03-04T09:56:38.619+01:00  INFO 15836 --- [File Watcher] rtingClassPathChangeChangedEventListener : Restarting due to 2 class path changes (0 additions, 1 deletion, 1 modification)
2024-03-04T09:56:38.629+01:00  INFO 15836 --- [Thread-49] j.LocalContainerEntityManagerFactoryBean : Closing JPA EntityManagerFactory for persistence unit 'default'
2024-03-04T09:56:38.629+01:00  INFO 15836 --- [Thread-49] com.zaxxer.hikari.HikariDataSource       : HikariPool-13 - Shutdown initiated...
2024-03-04T09:56:38.643+01:00  INFO 15836 --- [Thread-49] com.zaxxer.hikari.HikariDataSource       : HikariPool-13 - Shutdown completed.
2024-03-04T09:56:38.783+01:00  INFO 15836 --- [restartedMain] c.c.s.s.SquareGamesApplication           : Starting SquareGamesApplication using Java 21.0.2 with PID 15836 (C:\Users\molos\Documents\SpringBoot\square_games\target\classes started by molos in C:\Users\molos\Documents\SpringBoot\square_games)
2024-03-04T09:56:38.783+01:00  INFO 15836 --- [restartedMain] c.c.s.s.SquareGamesApplication           : No active profile set, falling back to 1 default profile: "default"
2024-03-04T09:56:39.289+01:00  INFO 15836 --- [restartedMain] .s.d.r.c.RepositoryConfigurationDelegate : Bootstrapping Spring Data JPA repositories in DEFAULT mode.
2024-03-04T09:56:39.309+01:00  INFO 15836 --- [restartedMain] .s.d.r.c.RepositoryConfigurationDelegate : Finished Spring Data repository scanning in 20 ms. Found 2 JPA repository interfaces.
2024-03-04T09:56:39.467+01:00  INFO 15836 --- [restartedMain] o.s.b.w.embedded.tomcat.TomcatWebServer  : Tomcat initialized with port 8080 (http)
2024-03-04T09:56:39.469+01:00  INFO 15836 --- [restartedMain] o.apache.catalina.core.StandardService   : Starting service [Tomcat]
2024-03-04T09:56:39.469+01:00  INFO 15836 --- [restartedMain] o.apache.catalina.core.StandardEngine    : Starting Servlet engine: [Apache Tomcat/10.1.18]
2024-03-04T09:56:39.517+01:00  INFO 15836 --- [restartedMain] o.a.c.c.C.[Tomcat-2].[localhost].[/]     : Initializing Spring embedded WebApplicationContext
2024-03-04T09:56:39.518+01:00  INFO 15836 --- [restartedMain] w.s.c.ServletWebServerApplicationContext : Root WebApplicationContext: initialization completed in 732 ms
2024-03-04T09:56:39.648+01:00  INFO 15836 --- [restartedMain] o.hibernate.jpa.internal.util.LogHelper  : HHH000204: Processing PersistenceUnitInfo [name: default]
2024-03-04T09:56:39.657+01:00  INFO 15836 --- [restartedMain] o.h.c.internal.RegionFactoryInitiator    : HHH000026: Second-level cache disabled
2024-03-04T09:56:39.672+01:00  INFO 15836 --- [restartedMain] o.s.o.j.p.SpringPersistenceUnitInfo      : No LoadTimeWeaver setup: ignoring JPA class transformer
2024-03-04T09:56:39.687+01:00  INFO 15836 --- [restartedMain] com.zaxxer.hikari.HikariDataSource       : HikariPool-14 - Starting...
2024-03-04T09:56:39.920+01:00  INFO 15836 --- [restartedMain] com.zaxxer.hikari.pool.HikariPool        : HikariPool-14 - Added connection com.mysql.cj.jdbc.ConnectionImpl@59f998d5
2024-03-04T09:56:39.920+01:00  INFO 15836 --- [restartedMain] com.zaxxer.hikari.HikariDataSource       : HikariPool-14 - Start completed.
2024-03-04T09:56:39.966+01:00  INFO 15836 --- [restartedMain] o.h.e.t.j.p.i.JtaPlatformInitiator       : HHH000489: No JTA platform available (set 'hibernate.transaction.jta.platform' to enable JTA platform integration)
2024-03-04T09:56:39.983+01:00  INFO 15836 --- [restartedMain] j.LocalContainerEntityManagerFactoryBean : Initialized JPA EntityManagerFactory for persistence unit 'default'
2024-03-04T09:56:40.062+01:00  WARN 15836 --- [restartedMain] ConfigServletWebServerApplicationContext : Exception encountered during context initialization - cancelling refresh attempt: org.springframework.beans.factory.UnsatisfiedDependencyException: Error creating bean with name 'authenticationController': Unsatisfied dependency expressed through field 'authenticationManager': No qualifying bean of type 'org.springframework.security.authentication.AuthenticationManager' available: expected at least 1 bean which qualifies as autowire candidate. Dependency annotations: {@org.springframework.beans.factory.annotation.Autowired(required=true)}
2024-03-04T09:56:40.064+01:00  INFO 15836 --- [restartedMain] j.LocalContainerEntityManagerFactoryBean : Closing JPA EntityManagerFactory for persistence unit 'default'
2024-03-04T09:56:40.066+01:00  INFO 15836 --- [restartedMain] com.zaxxer.hikari.HikariDataSource       : HikariPool-14 - Shutdown initiated...
2024-03-04T09:56:40.073+01:00  INFO 15836 --- [restartedMain] com.zaxxer.hikari.HikariDataSource       : HikariPool-14 - Shutdown completed.
2024-03-04T09:56:40.073+01:00  INFO 15836 --- [restartedMain] o.apache.catalina.core.StandardService   : Stopping service [Tomcat]
2024-03-04T09:56:40.093+01:00  INFO 15836 --- [restartedMain] .s.b.a.l.ConditionEvaluationReportLogger : 

Error starting ApplicationContext. To display the condition evaluation report re-run your application with 'debug' enabled.
2024-03-04T09:56:40.101+01:00 ERROR 15836 --- [restartedMain] o.s.b.d.LoggingFailureAnalysisReporter   : 

***************************
APPLICATION FAILED TO START
***************************

Description:

Field authenticationManager in com.cda25.springboot.square_games.controllers.AuthenticationController required a bean of type 'org.springframework.security.authentication.AuthenticationManager' that could not be found.

The injection point has the following annotations:
	- @org.springframework.beans.factory.annotation.Autowired(required=true)


Action:

Consider defining a bean of type 'org.springframework.security.authentication.AuthenticationManager' in your configuration.

2024-03-04T09:56:42.632+01:00  INFO 15836 --- [restartedMain] c.c.s.s.SquareGamesApplication           : Starting SquareGamesApplication using Java 21.0.2 with PID 15836 (C:\Users\molos\Documents\SpringBoot\square_games\target\classes started by molos in C:\Users\molos\Documents\SpringBoot\square_games)
2024-03-04T09:56:42.632+01:00  INFO 15836 --- [restartedMain] c.c.s.s.SquareGamesApplication           : No active profile set, falling back to 1 default profile: "default"
2024-03-04T09:56:42.926+01:00  INFO 15836 --- [restartedMain] .s.d.r.c.RepositoryConfigurationDelegate : Bootstrapping Spring Data JPA repositories in DEFAULT mode.
2024-03-04T09:56:42.948+01:00  INFO 15836 --- [restartedMain] .s.d.r.c.RepositoryConfigurationDelegate : Finished Spring Data repository scanning in 21 ms. Found 2 JPA repository interfaces.
2024-03-04T09:56:43.075+01:00  INFO 15836 --- [restartedMain] o.s.b.w.embedded.tomcat.TomcatWebServer  : Tomcat initialized with port 8080 (http)
2024-03-04T09:56:43.075+01:00  INFO 15836 --- [restartedMain] o.apache.catalina.core.StandardService   : Starting service [Tomcat]
2024-03-04T09:56:43.076+01:00  INFO 15836 --- [restartedMain] o.apache.catalina.core.StandardEngine    : Starting Servlet engine: [Apache Tomcat/10.1.18]
2024-03-04T09:56:43.111+01:00  INFO 15836 --- [restartedMain] o.a.c.c.C.[Tomcat-3].[localhost].[/]     : Initializing Spring embedded WebApplicationContext
2024-03-04T09:56:43.111+01:00  INFO 15836 --- [restartedMain] w.s.c.ServletWebServerApplicationContext : Root WebApplicationContext: initialization completed in 477 ms
2024-03-04T09:56:43.165+01:00  INFO 15836 --- [restartedMain] o.hibernate.jpa.internal.util.LogHelper  : HHH000204: Processing PersistenceUnitInfo [name: default]
2024-03-04T09:56:43.170+01:00  INFO 15836 --- [restartedMain] o.h.c.internal.RegionFactoryInitiator    : HHH000026: Second-level cache disabled
2024-03-04T09:56:43.177+01:00  INFO 15836 --- [restartedMain] o.s.o.j.p.SpringPersistenceUnitInfo      : No LoadTimeWeaver setup: ignoring JPA class transformer
2024-03-04T09:56:43.178+01:00  INFO 15836 --- [restartedMain] com.zaxxer.hikari.HikariDataSource       : HikariPool-15 - Starting...
2024-03-04T09:56:43.204+01:00  INFO 15836 --- [restartedMain] com.zaxxer.hikari.pool.HikariPool        : HikariPool-15 - Added connection com.mysql.cj.jdbc.ConnectionImpl@31b236a2
2024-03-04T09:56:43.204+01:00  INFO 15836 --- [restartedMain] com.zaxxer.hikari.HikariDataSource       : HikariPool-15 - Start completed.
2024-03-04T09:56:43.251+01:00  INFO 15836 --- [restartedMain] o.h.e.t.j.p.i.JtaPlatformInitiator       : HHH000489: No JTA platform available (set 'hibernate.transaction.jta.platform' to enable JTA platform integration)
2024-03-04T09:56:43.273+01:00  INFO 15836 --- [restartedMain] j.LocalContainerEntityManagerFactoryBean : Initialized JPA EntityManagerFactory for persistence unit 'default'
2024-03-04T09:56:43.583+01:00  INFO 15836 --- [restartedMain] o.s.s.web.DefaultSecurityFilterChain     : Will secure any request with [org.springframework.security.web.session.DisableEncodeUrlFilter@d94992c, org.springframework.security.web.context.request.async.WebAsyncManagerIntegrationFilter@5081b918, org.springframework.security.web.context.SecurityContextHolderFilter@726b4a3d, org.springframework.security.web.header.HeaderWriterFilter@4b6eeb67, org.springframework.web.filter.CorsFilter@421c77ed, org.springframework.security.web.authentication.logout.LogoutFilter@36e99ecc, org.springframework.security.web.authentication.UsernamePasswordAuthenticationFilter@3523bae, org.springframework.security.web.authentication.www.BasicAuthenticationFilter@7937caf6, org.springframework.security.web.savedrequest.RequestCacheAwareFilter@6508414f, org.springframework.security.web.servletapi.SecurityContextHolderAwareRequestFilter@5981ab5a, org.springframework.security.web.authentication.AnonymousAuthenticationFilter@53b6522, org.springframework.security.web.session.SessionManagementFilter@14fa68ee, org.springframework.security.web.access.ExceptionTranslationFilter@477a11de, org.springframework.security.web.access.intercept.AuthorizationFilter@45c3017f]
2024-03-04T09:56:43.687+01:00  INFO 15836 --- [restartedMain] o.s.b.d.a.OptionalLiveReloadServer       : LiveReload server is running on port 35729
2024-03-04T09:56:43.699+01:00  INFO 15836 --- [restartedMain] o.s.b.w.embedded.tomcat.TomcatWebServer  : Tomcat started on port 8080 (http) with context path ''
2024-03-04T09:56:43.702+01:00  INFO 15836 --- [restartedMain] c.c.s.s.SquareGamesApplication           : Started SquareGamesApplication in 1.099 seconds (process running for 476.563)
2024-03-04T09:56:43.704+01:00  INFO 15836 --- [restartedMain] .ConditionEvaluationDeltaLoggingListener : Condition evaluation unchanged
